[18.575268] Started!
[19.580985] Finished!
[48.171713] Started!
[49.185116] Finished!
[35.317969] Started!
[36.329181] Finished!
[41.419680] Started!
[42.432151] Finished!
[59.148107] Started!
[00.148643] Finished!
[24.369092] Started!
[25.372941] Finished!
[59.053202] Started!
[00.059768] Finished!
[21.122123] Started!
[22.125913] Finished!
[58.203838] Started!
[59.209099] Finished!
[42.686594] Started!
[43.693209] Finished!
[53.451218] Started!
[54.458836] Finished!
[00.048248] Started!
[01.054312] Finished!
[29.171298] Started!
[30.177046] Finished!
[20.329516] Started!
[21.336329] Finished!
[10.404200] Started!
[11.412756] Finished!
[43.763326] Started!
[44.769370] Finished!
[19.472651] Started!
[20.478782] Finished!
[23.892338] Started!
[24.898375] Finished!
[56.370050] Started!
[57.378049] Finished!
[37.167153] Started!
[38.167753] Finished!
[29.166931] Started!
[30.167344] Finished!
[10.781838] Started!
[11.782149] Finished!
[31.562052] Started!
[32.565824] Finished!
[07.052501] Started!
[08.056036] Finished!
[03.536005] Started!
[04.539146] Finished!
[10.177094] Started!
[11.178087] Finished!
[59.692184] Started!
[00.692521] Finished!
[50.059077] Started!
[51.060688] Finished!
[42.323457] Started!
[43.333166] Finished!
[38.659417] Started!
[39.663457] Finished!
[47.885491] Started!
[48.887551] Finished!
[11.388706] Started!
[12.391566] Finished!
[44.916061] Started!
[45.923864] Finished!
[34.327577] Started!
[35.334630] Finished!
[27.956362] Started!
[28.966935] Finished!
[54.323198] Started!
[55.332910] Finished!
[24.952121] Started!
[25.962507] Finished!
[46.083378] Started!
[47.084227] Finished!
[22.138767] Started!
[23.139450] Finished!
[44.320989] Started!
[45.325592] Finished!
[36.765669] Started!
[37.776865] Finished!
[42.141591] Started!
[43.150599] Finished!
[35.626637] Started!
[36.635112] Finished!
[43.036117] Started!
[44.047950] Finished!
[33.326307] Started!
[34.332491] Finished!
[11.759973] Started!
[12.767525] Finished!
[49.600890] Started!
[50.608622] Finished!
[38.776952] Started!
[39.784064] Finished!
[12.285893] Started!
[13.291091] Finished!
[44.262035] Started!
[45.267717] Finished!
[12.846249] Started!
[13.852076] Finished!
[52.278963] Started!
[53.285293] Finished!
[22.334797] Started!
[23.338820] Finished!
[54.521299] Started!
[55.527750] Finished!
[39.924523] Started!
[40.927344] Finished!
[07.751748] Started!
[08.755071] Finished!
[48.425896] Started!
[49.463511] Finished!
[29.337472] Started!
[30.373000] Finished!
[11.006022] Started!
[12.033392] Finished!
[29.367046] Started!
[30.392518] Finished!
[59.960536] Started!
[00.974819] Finished!
[53.219834] Started!
[54.220465] Finished!
[39.626766] Started!
[40.640119] Finished!
[46.905698] Started!
[48.007802] Finished!
[58.693341] Started!
[59.743254] Finished!
[51.637267] Started!
[52.691504] Finished!
[28.678072] Started!
[29.710262] Finished!
[21.866029] Started!
[22.895701] Finished!
[54.927654] Started!
[56.022901] Finished!
[12.174923] Started!
[13.190979] Finished!
[06.092720] Started!
[07.101785] Finished!
[29.753969] Started!
[30.770672] Finished!
[08.024700] Started!
[09.050365] Finished!
[03.663065] Started!
[04.673151] Finished!
[57.202981] Started!
[58.219317] Finished!
[47.120593] Started!
[48.123832] Finished!
[24.821177] Started!
[25.833953] Finished!
[08.381946] Started!
[09.403608] Finished!
[27.616864] Started!
[28.628371] Finished!
[38.644010] Started!
[39.647072] Finished!
[37.914043] Started!
[38.921592] Finished!
[55.706515] Started!
[56.715066] Finished!
[58.166271] Started!
[59.174881] Finished!
[39.484757] Started!
[40.496671] Finished!
[45.924920] Started!
[46.933172] Finished!
[54.022395] Started!
[55.035433] Finished!
[28.157631] Started!
[29.161861] Finished!
[16.465807] Started!
[17.470511] Finished!
[56.140384] Started!
[57.143005] Finished!
[22.967956] Started!
[23.975054] Finished!
[20.967989] Started!
[21.970710] Finished!
[01.988924] Started!
[03.007484] Finished!
[03.330139] Started!
[04.335767] Finished!
[49.770573] Started!
[50.780166] Finished!
[21.741208] Started!
[22.750499] Finished!
[16.674184] Started!
[17.674889] Finished!
[14.815662] Started!
[15.825812] Finished!
[43.794517] Started!
[44.795437] Finished!
[46.351893] Started!
[47.557475] Finished!
[06.332353] Started!
[07.335227] Finished!
[14.968351] Started!
[15.987210] Finished!
[53.744223] Started!
[53.763114] Finished!
[16.934677] Started!
[16.953778] Finished!
[44.263954] Started!
[44.283314] Finished!
[29.891207] Started!
[29.917036] Finished!
[58.597581] Started!
[58.616621] Finished!
[17.786647] Started!
[17.805590] Finished!
[33.386004] Started!
[34.405943] Finished!
[05.848163] Started!
[06.872296] Finished!
[11.637331] Started!
[12.653446] Finished!
[07.638305] Started!
[08.638969] Finished!
[15.022520] Started!
[16.025799] Finished!
[42.381756] Started!
[43.404610] Finished!
[36.733240] Started!
[37.758656] Finished!
[13.226250] Started!
[14.245325] Finished!
[35.754125] Started!
[36.765246] Finished!
[06.402516] Started!
[07.415251] Finished!
[23.506059] Started!
[24.542154] Finished!
[08.620564] Started!
[09.637207] Finished!
[58.955205] Started!
[59.955619] Finished!
[44.833518] Started!
[45.833988] Finished!
[24.957688] Started!
[25.958174] Finished!
[40.492766] Started!
[41.493306] Finished!
[14.963634] Started!
[15.964143] Finished!
[02.839968] Started!
[03.848137] Finished!
[22.295515] Started!
[23.317832] Finished!
[56.741824] Started!
[57.751905] Finished!
[38.592009] Started!
[39.598232] Finished!
[19.482253] Started!
[20.482818] Finished!
[12.431397] Started!
[13.444812] Finished!
[36.141043] Started!
[37.141842] Finished!
[09.263653] Started!
[10.264262] Finished!
[27.587583] Started!
[28.588093] Finished!
[13.514716] Started!
[14.515283] Finished!
[15.086629] Started!
[16.097289] Finished!
[50.350388] Started!
[51.362251] Finished!
[44.468565] Started!
[46.348096] Finished!
[19.617639] Started!
[20.631166] Finished!
[35.141563] Started!
[36.150132] Finished!
[23.939307] Started!
[24.967038] Finished!
[35.557090] Started!
[36.559735] Finished!
[05.784280] Started!
[06.823885] Finished!
[33.697859] Started!
[34.733813] Finished!
[21.419145] Started!
[22.459620] Finished!
[26.241892] Started!
[27.282480] Finished!
[50.271126] Started!
[51.311759] Finished!
[25.757006] Started!
[26.797628] Finished!
[45.399673] Started!
[46.433573] Finished!
[11.453994] Started!
[12.483108] Finished!
[43.670635] Started!
[44.696200] Finished!
[15.601281] Started!
[16.616460] Finished!
[05.587521] Started!
[06.597008] Finished!
[59.179503] Started!
[00.191522] Finished!
[37.621602] Started!
[38.640946] Finished!
[27.818636] Started!
[28.840350] Finished!
[15.865458] Started!
[16.877361] Finished!
[17.499057] Started!
[18.499372] Finished!
[55.806695] Started!
[56.806969] Finished!
[53.895934] Started!
[54.896344] Finished!
[26.324596] Started!
[27.324866] Finished!
[45.761464] Started!
[46.761883] Finished!
[02.327004] Started!
[03.327310] Finished!
[57.165836] Started!
[58.166138] Finished!
[57.578604] Started!
[58.578943] Finished!
[22.404604] Started!
[23.404916] Finished!
[50.593069] Started!
[51.593379] Finished!
[40.371688] Started!
[41.371937] Finished!
[54.554867] Started!
[55.555185] Finished!
[31.048561] Started!
[32.048859] Finished!
[42.983966] Started!
[43.984258] Finished!
[02.911902] Started!
[03.912159] Finished!
[23.562190] Started!
[24.562841] Finished!
[23.247483] Started!
[24.247756] Finished!
[58.571989] Started!
[59.572285] Finished!
[43.342546] Started!
[44.342821] Finished!
[58.275857] Started!
[59.276189] Finished!
[14.169581] Started!
[15.169817] Finished!
[21.436877] Started!
[22.829555] Finished!
[34.067984] Started!
[35.068280] Finished!
[51.647505] Started!
[52.647794] Finished!
[48.927765] Started!
[49.928045] Finished!
[39.912483] Started!
[41.294861] Finished!
[55.537103] Started!
[56.920425] Finished!
[45.576389] Started!
[46.965948] Finished!
[07.242973] Started!
[08.632000] Finished!
[49.137470] Started!
[50.532567] Finished!
[59.519086] Started!
[00.910494] Finished!
[27.187023] Started!
[28.590558] Finished!
[47.176753] Started!
[48.177046] Finished!
[56.211087] Started!
[57.616429] Finished!
[47.671646] Started!
[48.671905] Finished!
[42.488959] Started!
[43.489212] Finished!
[33.292104] Started!
[34.292370] Finished!
[03.781820] Started!
[04.782097] Finished!
[13.333036] Started!
[14.333435] Finished!
[59.843052] Started!
[00.843307] Finished!
[32.699153] Started!
[33.699559] Finished!
[49.791506] Started!
[50.791804] Finished!
[26.805793] Started!
[27.806064] Finished!
[55.017880] Started!
[56.046651] Finished!
[16.794830] Started!
[17.795079] Finished!
[26.295194] Started!
[27.295655] Finished!
[41.946300] Started!
[42.946494] Finished!
[46.459742] Started!
[47.945893] Finished!
[13.975022] Started!
[14.975240] Finished!
[37.602105] Started!
[38.602354] Finished!
[01.276208] Started!
[02.276430] Finished!
[39.600909] Started!
[40.601157] Finished!
[59.716012] Started!
[00.716298] Finished!
[11.152092] Started!
[12.152399] Finished!
[21.586958] Started!
[22.587170] Finished!
[20.964847] Started!
[21.965103] Finished!
[16.781063] Started!
[17.781321] Finished!
[43.319085] Started!
[44.319361] Finished!
[52.053747] Started!
[53.054036] Finished!
[38.803168] Started!
[39.803436] Finished!
[48.427359] Started!
[49.427754] Finished!
[21.188988] Started!
[22.189197] Finished!
[41.810970] Started!
[42.811342] Finished!
[29.685250] Started!
[30.714021] Finished!
[07.459677] Started!
[08.488435] Finished!
[35.599524] Started!
[36.599771] Finished!
[14.774194] Started!
[15.774572] Finished!
[24.396888] Started!
[25.397150] Finished!
[39.712506] Started!
[40.741365] Finished!
[47.744310] Started!
[48.773149] Finished!
[27.246888] Started!
[28.275672] Finished!
[04.243867] Started!
[05.272667] Finished!
[19.510104] Started!
[20.538950] Finished!
[41.376453] Started!
[42.376737] Finished!
[24.527268] Started!
[25.556108] Finished!
[41.048008] Started!
[42.076866] Finished!
[39.443718] Started!
[40.472550] Finished!
[10.363224] Started!
[11.392071] Finished!
[42.889165] Started!
[43.889461] Finished!
[07.597165] Started!
[08.597386] Finished!
[15.828875] Started!
[16.857733] Finished!
[01.577395] Started!
[02.577681] Finished!
[28.471890] Started!
[29.472168] Finished!
[37.412641] Started!
[38.412879] Finished!
[57.032670] Started!
[58.061636] Finished!
[14.513388] Started!
[15.542250] Finished!
[30.845666] Started!
[31.874504] Finished!
[20.917975] Started!
[21.946847] Finished!
[49.680682] Started!
[50.709505] Finished!
[46.211683] Started!
[47.240465] Finished!
[19.469612] Started!
[20.469935] Finished!
[01.916020] Started!
[02.916490] Finished!
[25.405720] Started!
[26.405969] Finished!
[02.289993] Started!
[03.290224] Finished!
[14.238161] Started!
[15.238442] Finished!
[03.035085] Started!
[04.035340] Finished!
[43.244503] Started!
[44.244861] Finished!
[55.114120] Started!
[56.114581] Finished!
[27.374249] Started!
[28.374544] Finished!
[15.046972] Started!
[16.047248] Finished!
[02.785246] Started!
[03.785569] Finished!
[14.608195] Started!
[15.608547] Finished!
[45.492674] Started!
[46.492977] Finished!
[57.401539] Started!
[58.401820] Finished!
[35.630197] Started!
[36.630459] Finished!
[49.903775] Started!
[50.904075] Finished!
[52.116082] Started!
[53.116437] Finished!
[03.545277] Started!
[04.545572] Finished!
[51.484815] Started!
[52.485376] Finished!
[03.291408] Started!
[04.291779] Finished!
[20.950130] Started!
[21.950477] Finished!
[32.722992] Started!
[33.723335] Finished!
[27.310170] Started!
[28.310467] Finished!
[43.709034] Started!
[44.709346] Finished!
[13.100178] Started!
[14.100529] Finished!
[25.272575] Started!
[26.272911] Finished!
[51.206298] Started!
[52.206560] Finished!
[17.193251] Started!
[18.193539] Finished!
[51.894084] Started!
[52.894350] Finished!
[27.456214] Started!
[28.464028] Finished!
[11.713650] Started!
[12.719815] Finished!
[54.436840] Started!
[55.445669] Finished!
[46.547469] Started!
[47.561189] Finished!
[24.738325] Started!
[25.744682] Finished!
[35.549337] Started!
[36.562177] Finished!
[39.693689] Started!
[40.708701] Finished!
[04.199534] Started!
[05.211742] Finished!
[53.375701] Started!
[54.391651] Finished!
[13.689898] Started!
[14.703937] Finished!
[58.833260] Started!
[59.874233] Finished!
[28.350721] Started!
[29.386295] Finished!
[58.052706] Started!
[59.105889] Finished!
[03.467713] Started!
[04.559021] Finished!
[45.378222] Started!
[46.470924] Finished!
[49.012327] Started!
[50.109913] Finished!
[02.076057] Started!
[03.111315] Finished!
[26.595074] Started!
[27.639993] Finished!
[53.328642] Started!
[54.359481] Finished!
[37.193364] Started!
[38.208099] Finished!
[57.200021] Started!
[58.211610] Finished!
[25.416791] Started!
[26.429058] Finished!
[50.868621] Started!
[52.255551] Finished!
[51.799275] Started!
[52.926611] Finished!
[25.655895] Started!
[26.821307] Finished!
[20.860830] Started!
[22.230512] Finished!
[15.023875] Started!
[16.325414] Finished!
[16.914207] Started!
[18.081377] Finished!
[52.432815] Started!
[54.222050] Finished!
[38.666130] Started!
[39.831151] Finished!
[06.815391] Started!
[07.864783] Finished!
[48.855887] Started!
[50.033427] Finished!
[30.590083] Started!
[31.818750] Finished!
[32.207060] Started!
[33.444760] Finished!
[01.252182] Started!
[02.423546] Finished!
[31.646312] Started!
[32.836555] Finished!
[13.241473] Started!
[15.061964] Finished!
[16.452628] Started!
[17.506702] Finished!
[06.042753] Started!
[07.588489] Finished!
[59.467694] Started!
[01.038050] Finished!
[23.580277] Started!
[24.823916] Finished!
[01.097601] Started!
[02.379589] Finished!
[43.245476] Started!
[44.344298] Finished!
[40.052076] Started!
[41.325434] Finished!
[19.993680] Started!
[21.257229] Finished!
[05.187529] Started!
[06.316998] Finished!
[50.491221] Started!
[51.972251] Finished!
[38.962574] Started!
[40.231864] Finished!
[07.225863] Started!
[08.360064] Finished!
[33.902877] Started!
[34.965547] Finished!
[55.175915] Started!
[57.011843] Finished!
[21.681769] Started!
[22.771148] Finished!
[49.690715] Started!
[51.582590] Finished!
[50.605057] Started!
[51.740829] Finished!
[26.361446] Started!
[27.391416] Finished!
[13.353125] Started!
[14.470178] Finished!
[38.432542] Started!
[39.599709] Finished!
[02.811285] Started!
[04.124580] Finished!
[55.013765] Started!
[56.209985] Finished!
[51.962470] Started!
[53.014214] Finished!
[40.400834] Started!
[41.455976] Finished!
[08.668232] Started!
[10.056971] Finished!
[02.686636] Started!
[03.979323] Finished!
[06.624204] Started!
[07.858593] Finished!
[45.442892] Started!
[46.653092] Finished!
[35.152852] Started!
[36.244319] Finished!
[38.086557] Started!
[39.189933] Finished!
[04.588120] Started!
[05.704173] Finished!
[50.941167] Started!
[52.014833] Finished!
[09.275245] Started!
[10.310991] Finished!
[47.660222] Started!
[47.993831] Finished!
[00.215522] Started!
[00.699354] Finished!
[56.205574] Started!
[56.656406] Finished!
[37.771269] Started!
[38.122047] Finished!
[34.619893] Started!
[35.288745] Finished!
[37.792926] Started!
[38.114548] Finished!
[56.938953] Started!
[58.351640] Finished!
[51.949188] Started!
[52.263262] Finished!
[43.930676] Started!
[44.350847] Finished!
[57.978517] Started!
[58.494587] Finished!
[13.498349] Started!
[13.797247] Finished!
[57.724112] Started!
[58.038056] Finished!
[42.667794] Started!
[42.989199] Finished!
[56.156310] Started!
[56.428048] Finished!
[28.047257] Started!
[28.352766] Finished!
[21.835066] Started!
[22.192872] Finished!
[04.954897] Started!
[06.256336] Finished!
[01.073662] Started!
[02.097067] Finished!
[51.565296] Started!
[52.629513] Finished!
[25.518617] Started!
[26.591300] Finished!
[30.865473] Started!
[31.281065] Finished!
[44.005510] Started!
[44.381747] Finished!
[35.816073] Started!
[36.862934] Finished!
[15.501221] Started!
[16.541256] Finished!
[12.094526] Started!
[13.104971] Finished!
[37.191674] Started!
[38.204785] Finished!
[26.177251] Started!
[27.197330] Finished!
[11.803695] Started!
[12.824910] Finished!
[57.076999] Started!
[58.093327] Finished!
[12.568004] Started!
[13.591463] Finished!
[26.866962] Started!
[27.892301] Finished!
[33.418239] Started!
[34.431345] Finished!
[01.282042] Started!
[02.292466] Finished!
[28.142895] Started!
[29.153017] Finished!
[15.079826] Started!
[16.102804] Finished!
[27.509973] Started!
[28.532959] Finished!
[30.295278] Started!
[31.302495] Finished!
[52.195079] Started!
[52.226653] Finished!
[34.871110] Started!
[34.902783] Finished!
[50.594514] Started!
[51.596763] Finished!
[14.626441] Started!
[15.628693] Finished!
[11.073811] Started!
[12.076178] Finished!
[28.224996] Started!
[29.227363] Finished!
[50.634703] Started!
[51.650682] Finished!
[41.517715] Started!
[42.529816] Finished!
[09.668823] Started!
[10.687987] Finished!
[49.585530] Started!
[50.587859] Finished!
[06.802677] Started!
[07.804998] Finished!
[44.210103] Started!
[45.212411] Finished!
[10.932562] Started!
[11.934930] Finished!
[31.723363] Started!
[32.725775] Finished!
[43.119794] Started!
[44.122164] Finished!
[04.093988] Started!
[05.096311] Finished!
[19.732011] Started!
[20.734374] Finished!
[40.863289] Started!
[41.865692] Finished!
[58.710065] Started!
[59.712438] Finished!
[20.944954] Started!
[21.947321] Finished!
[36.340544] Started!
[37.342938] Finished!
[53.674719] Started!
[54.677041] Finished!
[00.778446] Started!
[01.780811] Finished!
[16.465374] Started!
[17.467699] Finished!
[31.557102] Started!
[32.559546] Finished!
[23.076752] Started!
[24.094754] Finished!
[40.352048] Started!
[41.371826] Finished!
[09.860161] Started!
[10.862514] Finished!
[06.718399] Started!
[07.720753] Finished!
[23.980791] Started!
[24.983168] Finished!
[38.692105] Started!
[39.694442] Finished!
[08.150339] Started!
[09.152623] Finished!
[45.725364] Started!
[46.727822] Finished!
[38.337230] Started!
[39.339526] Finished!
[55.522858] Started!
[56.525203] Finished!
[41.840050] Started!
[42.842373] Finished!
[14.888185] Started!
[15.890514] Finished!
[09.950649] Started!
[10.952977] Finished!
[00.645370] Started!
[01.647710] Finished!
[09.557805] Started!
[10.560165] Finished!
[56.674636] Started!
[57.693759] Finished!
[05.731955] Started!
[06.747395] Finished!
[14.751364] Started!
[15.759795] Finished!
[23.807123] Started!
[24.817673] Finished!
[32.865141] Started!
[33.873290] Finished!
[41.888023] Started!
[42.906420] Finished!
[14.800498] Started!
[15.802884] Finished!
[23.817854] Started!
[24.820237] Finished!
[32.732714] Started!
[33.734989] Finished!
[41.619867] Started!
[42.622195] Finished!
[12.777001] Started!
[13.779381] Finished!
[24.598143] Started!
[25.600481] Finished!
[33.568228] Started!
[34.570591] Finished!
[59.577421] Started!
[00.579792] Finished!
[08.613859] Started!
[09.616183] Finished!
[48.050005] Started!
[49.052362] Finished!
[57.083058] Started!
[58.085428] Finished!
[37.581598] Started!
[39.236865] Finished!
[47.855974] Started!
[49.199525] Finished!
[38.754633] Started!
[39.757018] Finished!
[46.652803] Started!
[47.655194] Finished!
[54.555090] Started!
[55.756847] Finished!
[02.650122] Started!
[03.652518] Finished!
[10.554024] Started!
[11.556392] Finished!
[18.527785] Started!
[19.530182] Finished!
[26.357741] Started!
[27.360099] Finished!
[34.200131] Started!
[35.371183] Finished!
[42.301561] Started!
[43.303950] Finished!
[50.238128] Started!
[51.610343] Finished!
[58.578363] Started!
[59.786541] Finished!
[06.702344] Started!
[07.704722] Finished!
[14.717281] Started!
[15.909859] Finished!
[22.911269] Started!
[23.913681] Finished!
[30.894343] Started!
[32.310857] Finished!
[39.232919] Started!
[40.856491] Finished!
[47.838906] Started!
[50.103947] Finished!
[57.002008] Started!
[58.063133] Finished!
[05.035128] Started!
[06.037466] Finished!
[33.925671] Started!
[35.163345] Finished!
[43.195837] Started!
[44.213825] Finished!
[52.233358] Started!
[53.988609] Finished!
[01.989308] Started!
[03.281118] Finished!
[11.305295] Started!
[12.435495] Finished!
[41.233582] Started!
[42.575356] Finished!
[45.687015] Started!
[46.735165] Finished!
[02.872942] Started!
[03.875370] Finished!
[10.820712] Started!
[12.017756] Finished!
[18.976419] Started!
[20.628731] Finished!
[27.544584] Started!
[29.125230] Finished!
[36.074494] Started!
[37.811252] Finished!
[44.748407] Started!
[46.483897] Finished!
[53.451670] Started!
[55.108673] Finished!
[02.008023] Started!
[03.903002] Finished!
[10.844392] Started!
[13.259079] Finished!
[20.116006] Started!
[22.815089] Finished!
[29.755403] Started!
[32.867859] Finished!
[39.816254] Started!
[41.864453] Finished!
[48.872766] Started!
[51.779456] Finished!
[58.812754] Started!
[03.973252] Finished!
[10.948159] Started!
[15.378391] Finished!
[22.404905] Started!
[24.107063] Finished!
[13.424626] Started!
[14.472559] Finished!
[57.232877] Started!
[58.256893] Finished!
[44.158777] Started!
[45.799624] Finished!
[53.844858] Started!
[55.337715] Finished!
[02.334494] Started!
[10.204204] Finished!
[17.023210] Started!
[26.614902] Finished!
[33.529480] Started!
[42.328336] Finished!
[10.994157] Started!
[12.064994] Finished!
[08.282288] Started!
[09.538908] Finished!
[59.200255] Started!
[00.233566] Finished!
[35.452944] Started!
[39.464761] Finished!
[30.120259] Started!
[32.355867] Finished!
[39.373872] Started!
[42.676647] Finished!
[49.699877] Started!
[51.187602] Finished!
[58.208957] Started!
[00.011101] Finished!
[07.017646] Started!
[08.669355] Finished!
[15.969795] Started!
[17.186544] Finished!
[24.157094] Started!
[25.587305] Finished!
[32.620063] Started!
[34.504223] Finished!
[41.516487] Started!
[42.518848] Finished!
[49.571280] Started!
[50.650134] Finished!
[57.638897] Started!
[59.526292] Finished!
[06.524637] Started!
[08.161191] Finished!
[15.156946] Started!
[16.647618] Finished!
[23.699191] Started!
[25.217153] Finished!
[32.366486] Started!
[36.895946] Finished!
[43.908294] Started!
[52.573517] Finished!
[59.590320] Started!
[04.360620] Finished!
[19.733510] Started!
[20.735886] Finished!
[28.071127] Started!
[29.073478] Finished!
[36.106924] Started!
[37.109321] Finished!
[44.156288] Started!
[45.158720] Finished!
[52.197980] Started!
[53.200362] Finished!
[00.284312] Started!
[01.286649] Finished!
[08.275175] Started!
[09.277527] Finished!
[16.356952] Started!
[17.359316] Finished!
[24.371184] Started!
[25.373538] Finished!
[32.425547] Started!
[33.427887] Finished!
[40.445587] Started!
[41.448013] Finished!
[48.493861] Started!
[49.496165] Finished!
[56.507606] Started!
[57.509974] Finished!
[04.522027] Started!
[05.524395] Finished!
[12.606370] Started!
[13.608715] Finished!
[20.611737] Started!
[21.614025] Finished!
[28.683747] Started!
[29.686123] Finished!
[36.694447] Started!
[37.696867] Finished!
[44.772292] Started!
[45.774711] Finished!
[52.751380] Started!
[53.753833] Finished!
[00.795858] Started!
[01.798266] Finished!
[08.889682] Started!
[09.892040] Finished!
[16.911936] Started!
[17.914330] Finished!
[24.916758] Started!
[25.919099] Finished!
[33.014473] Started!
[34.016834] Finished!
[41.079585] Started!
[42.081992] Finished!
[49.128040] Started!
[50.130420] Finished!
[57.116776] Started!
[58.119128] Finished!
[05.190881] Started!
[06.193229] Finished!
[13.219099] Started!
[14.221496] Finished!
[21.272383] Started!
[22.274800] Finished!
[29.306703] Started!
[30.309040] Finished!
[02.276802] Started!
[03.279198] Finished!
[11.935145] Started!
[12.937515] Finished!
[21.623725] Started!
[22.626071] Finished!
[58.514653] Started!
[59.516974] Finished!
[08.734431] Started!
[09.736781] Finished!
[19.019509] Started!
[20.021837] Finished!
[29.181960] Started!
[30.184314] Finished!
[51.711824] Started!
[52.714190] Finished!
[30.528525] Started!
[31.530931] Finished!
[40.268675] Started!
[41.271038] Finished!
[49.953367] Started!
[50.955740] Finished!
[59.651119] Started!
[00.653477] Finished!
[09.328495] Started!
[10.330872] Finished!
[19.048375] Started!
[20.050716] Finished!
[34.994726] Started!
[35.997130] Finished!
[17.186739] Started!
[18.189130] Finished!
[12.924289] Started!
[13.926659] Finished!
[23.133248] Started!
[24.135610] Finished!
[33.415800] Started!
[34.418150] Finished!
[43.690721] Started!
[44.693078] Finished!
[53.951017] Started!
[54.953358] Finished!
[04.221818] Started!
[05.224157] Finished!
[14.484920] Started!
[15.487262] Finished!
[15.600954] Started!
[16.615001] Finished!
[59.876384] Started!
[00.916292] Finished!
[44.129600] Started!
[45.173129] Finished!
[28.633062] Started!
[29.662304] Finished!
[13.208464] Started!
[14.265266] Finished!
[57.775133] Started!
[58.788303] Finished!
[42.228688] Started!
[43.271635] Finished!
[26.289474] Started!
[27.330566] Finished!
[10.430949] Started!
[11.479543] Finished!
[55.043019] Started!
[56.069160] Finished!
[39.741219] Started!
[40.773673] Finished!
[24.057673] Started!
[25.107030] Finished!
[08.623888] Started!
[09.643014] Finished!
[52.896630] Started!
[53.918002] Finished!
[37.283597] Started!
[38.327600] Finished!
[21.932978] Started!
[22.943256] Finished!
[06.552872] Started!
[07.607854] Finished!
[51.210401] Started!
[52.247966] Finished!
[16.746883] Started!
[17.796364] Finished!
[19.876266] Started!
[20.901796] Finished!
[30.768752] Started!
[31.771078] Finished!
[00.114465] Started!
[01.116834] Finished!
[12.134471] Started!
[13.136812] Finished!
[54.304605] Started!
[55.311721] Finished!
[24.545596] Started!
[25.558536] Finished!
[00.055426] Started!
[01.089093] Finished!
[25.613830] Started!
[26.647515] Finished!
[34.656948] Started!
[35.690540] Finished!
[02.369723] Started!
[03.403279] Finished!
[43.096742] Started!
[44.130488] Finished!
[05.733022] Started!
[06.766545] Finished!
[00.101076] Started!
[01.134639] Finished!
[55.543057] Started!
[56.576791] Finished!
[13.892757] Started!
[14.926468] Finished!
[00.440178] Started!
[01.473867] Finished!
[21.083229] Started!
[22.116808] Finished!
[00.571676] Started!
[01.605307] Finished!
[22.471203] Started!
[23.504893] Finished!
[16.753233] Started!
[17.787036] Finished!
[06.105233] Started!
[07.138997] Finished!
[57.442814] Started!
[58.476652] Finished!
[36.037830] Started!
[37.104870] Finished!
[58.483419] Started!
[59.552404] Finished!
[36.810628] Started!
[37.832539] Finished!
[10.406580] Started!
[11.414521] Finished!
[29.852783] Started!
[30.864625] Finished!
[54.004515] Started!
[55.016384] Finished!
[15.106436] Started!
[16.116708] Finished!
[30.562726] Started!
[31.573236] Finished!
[47.011413] Started!
[48.028583] Finished!
[02.595045] Started!
[03.606639] Finished!
[19.708936] Started!
[20.791697] Finished!
[33.763132] Started!
[34.831420] Finished!
[06.382941] Started!
[07.450434] Finished!
[28.692870] Started!
[29.761478] Finished!
[33.893933] Started!
[34.961196] Finished!
[38.828837] Started!
[39.910137] Finished!
[17.782017] Started!
[18.859587] Finished!
[46.127723] Started!
[47.195334] Finished!
[46.218025] Started!
[47.286631] Finished!
[06.909939] Started!
[07.977248] Finished!
[24.926633] Started!
[25.995832] Finished!
[38.235037] Started!
[39.304384] Finished!
[24.291558] Started!
[25.358404] Finished!
[29.723121] Started!
[30.735783] Finished!
[55.822971] Started!
[56.891265] Finished!
[53.128270] Started!
[54.181643] Finished!
[43.306166] Started!
[44.372837] Finished!
[39.942260] Started!
[41.011619] Finished!
[43.679687] Started!
[44.749877] Finished!
[27.715743] Started!
[28.787617] Finished!
[29.863882] Started!
[30.934464] Finished!
[42.394573] Started!
[43.461284] Finished!
[14.081037] Started!
[15.149754] Finished!
[36.356951] Started!
[37.426816] Finished!
[43.746811] Started!
[44.818508] Finished!
[13.527245] Started!
[14.614403] Finished!
[28.883384] Started!
[29.971883] Finished!
[30.390252] Started!
[31.475546] Finished!
[38.692131] Started!
[39.761543] Finished!
[55.030841] Started!
[56.097040] Finished!
[49.582966] Started!
[50.647904] Finished!
[43.310502] Started!
[44.373019] Finished!
[02.581978] Started!
[03.645168] Finished!
[15.906571] Started!
[16.973415] Finished!
[40.103946] Started!
[41.190150] Finished!
[39.315326] Started!
[40.420242] Finished!
[38.166756] Started!
[39.263413] Finished!
[31.795112] Started!
[32.877115] Finished!
[43.244235] Started!
[44.315917] Finished!
[13.477926] Started!
[14.561427] Finished!
[09.326285] Started!
[10.400151] Finished!
[13.949162] Started!
[15.026458] Finished!
[08.863088] Started!
[09.929182] Finished!
[11.873254] Started!
[12.943124] Finished!
[21.925503] Started!
[22.990412] Finished!
[36.810600] Started!
[37.878410] Finished!
[37.006440] Started!
[38.073460] Finished!
[33.649705] Started!
[34.719354] Finished!
[45.894783] Started!
[46.967273] Finished!
[32.867053] Started!
[33.925595] Finished!
[56.710532] Started!
[57.774107] Finished!
[11.092682] Started!
[12.158308] Finished!
[03.141566] Started!
[04.209889] Finished!
[07.976888] Started!
[09.051283] Finished!
[10.715539] Started!
[10.715559] Finished!
[14.152911] Started!
[15.220208] Finished!
[28.335545] Started!
[29.404950] Finished!
[46.789416] Started!
[47.847462] Finished!
[10.723800] Started!
[11.787890] Finished!
[20.970849] Started!
[22.038635] Finished!
[33.814868] Started!
[34.884124] Finished!
[50.905682] Started!
[51.975208] Finished!
[12.637733] Started!
[13.699701] Finished!
[22.886756] Started!
[23.947614] Finished!
[35.724581] Started!
[36.791903] Finished!
[51.930309] Started!
[53.000847] Finished!
[12.086712] Started!
[13.150804] Finished!
[23.134957] Started!
[24.199611] Finished!
[37.897340] Started!
[38.967511] Finished!
[24.779239] Started!
[25.845364] Finished!
[39.143028] Started!
[40.208469] Finished!
[25.808463] Started!
[26.876295] Finished!
[40.242902] Started!
[41.299468] Finished!
[15.806475] Started!
[16.873374] Finished!
[30.218120] Started!
[31.269796] Finished!
[36.054521] Started!
[37.122767] Finished!
[50.328295] Started!
[51.395900] Finished!
[40.250412] Started!
[41.313350] Finished!
[02.132177] Started!
[03.200175] Finished!
[16.516487] Started!
[17.586096] Finished!
[35.108716] Started!
[36.178328] Finished!
[26.812498] Started!
[27.874449] Finished!
[41.105013] Started!
[42.175146] Finished!
[59.701088] Started!
[00.766208] Finished!
[23.686135] Started!
[24.755698] Finished!
[33.998895] Started!
[35.060460] Finished!
[47.109568] Started!
[48.171379] Finished!
[04.448676] Started!
[05.507085] Finished!
[26.267035] Started!
[27.336942] Finished!
[36.637481] Started!
[37.707419] Finished!
[49.483592] Started!
[50.553514] Finished!
[05.850151] Started!
[06.909744] Finished!
[26.081012] Started!
[27.150860] Finished!
[37.103638] Started!
[38.170011] Finished!
[51.922224] Started!
[52.977718] Finished!
[12.866820] Started!
[13.932181] Finished!
[42.164111] Started!
[43.228704] Finished!
[52.764116] Started!
[53.828121] Finished!
[06.275381] Started!
[07.340146] Finished!
[24.569515] Started!
[25.641296] Finished!
[49.774310] Started!
[50.845348] Finished!
[00.020508] Started!
[01.089753] Finished!
[13.215123] Started!
[14.284556] Finished!
[30.442877] Started!
[31.508553] Finished!
[52.710542] Started!
[53.770983] Finished!
[13.298881] Started!
[14.358815] Finished!
[27.660201] Started!
[28.730226] Finished!
[46.229429] Started!
[47.297870] Finished!
[10.280603] Started!
[11.348326] Finished!
[20.703566] Started!
[21.770018] Finished!
[33.822596] Started!
[34.889578] Finished!
[51.204591] Started!
[52.274068] Finished!
[13.168141] Started!
[14.233739] Finished!
[23.256018] Started!
[24.322681] Finished!
[36.281808] Started!
[37.335233] Finished!
[52.654656] Started!
[53.721095] Finished!
[12.934086] Started!
[13.993803] Finished!
[23.911081] Started!
[24.978492] Finished!
[38.771747] Started!
[39.841114] Finished!
[59.825778] Started!
[00.896369] Finished!
[29.159454] Started!
[30.222480] Finished!
[39.762883] Started!
[40.833154] Finished!
[53.204500] Started!
[54.266875] Finished!
[11.616541] Started!
[12.685298] Finished!
[36.854222] Started!
[37.917399] Finished!
[47.099501] Started!
[48.166935] Finished!
[00.238535] Started!
[01.306186] Finished!
[17.716831] Started!
[18.780271] Finished!
[40.080326] Started!
[41.151004] Finished!
[39.342570] Started!
[40.403090] Finished!
[54.712355] Started!
[55.776791] Finished!
[14.145013] Started!
[15.212903] Finished!
[39.296594] Started!
[40.350720] Finished!
[11.837219] Started!
[12.864947] Finished!
[27.069908] Started!
[28.103150] Finished!
[46.605503] Started!
[47.641059] Finished!
[11.731473] Started!
[12.763667] Finished!
[23.076077] Started!
[24.111310] Finished!
[36.902950] Started!
[37.936666] Finished!
[55.001515] Started!
[56.035403] Finished!
[17.792296] Started!
[18.812644] Finished!
[29.141179] Started!
[30.207003] Finished!
[43.005833] Started!
[44.037345] Finished!
[00.326141] Started!
[01.362104] Finished!
[21.521541] Started!
[22.550319] Finished!
[33.477678] Started!
[34.500690] Finished!
[49.164594] Started!
[50.198718] Finished!
[11.104184] Started!
[12.123596] Finished!
[41.369943] Started!
[42.414883] Finished!
[52.872906] Started!
[53.908917] Finished!
[07.285568] Started!
[08.322048] Finished!
[26.737721] Started!
[27.772540] Finished!
[53.013113] Started!
[54.047298] Finished!
[04.335267] Started!
[05.366050] Finished!
[58.485528] Started!
[59.520432] Finished!
[13.736392] Started!
[14.771040] Finished!
[33.332502] Started!
[34.367470] Finished!
[09.282289] Started!
[10.292947] Finished!
[24.481123] Started!
[25.493017] Finished!
[48.620916] Started!
[49.630274] Finished!
[03.862293] Started!
[04.870358] Finished!
[23.312269] Started!
[24.318217] Finished!
[57.637102] Started!
[58.647054] Finished!
[39.824072] Started!
[40.828556] Finished!
[54.988877] Started!
[55.998131] Finished!
[14.456978] Started!
[15.466397] Finished!
[39.419978] Started!
[40.430110] Finished!
[50.369475] Started!
[51.379111] Finished!
[04.229161] Started!
[05.239300] Finished!
[22.285425] Started!
[23.294526] Finished!
[44.966531] Started!
[45.973903] Finished!
[56.128775] Started!
[57.138113] Finished!
[09.861760] Started!
[10.871269] Finished!
[27.057372] Started!
[28.065705] Finished!
[48.116425] Started!
[49.123784] Finished!
[59.910729] Started!
[00.919667] Finished!
[15.651176] Started!
[16.660919] Finished!
[37.460022] Started!
[38.470407] Finished!
[07.638901] Started!
[08.650309] Finished!
[19.202697] Started!
[20.213522] Finished!
[33.421236] Started!
[34.429676] Finished!
[52.622527] Started!
[53.630627] Finished!
[18.776026] Started!
[19.781973] Finished!
[29.910585] Started!
[30.920383] Finished!
[43.886041] Started!
[44.895343] Finished!
[01.977944] Started!
[02.987520] Finished!
[25.123621] Started!
[26.134767] Finished!
[44.011740] Started!
[45.016348] Finished!
[59.156398] Started!
[00.166829] Finished!
[18.649473] Started!
[19.658783] Finished!
[43.665916] Started!
[44.672935] Finished!
[55.015464] Started!
[56.024665] Finished!
[08.892176] Started!
[09.899703] Finished!
[26.930404] Started!
[27.939670] Finished!
[49.671720] Started!
[50.682165] Finished!
[00.865665] Started!
[01.876710] Finished!
[14.670333] Started!
[15.677951] Finished!
[31.902179] Started!
[32.910527] Finished!
[53.017867] Started!
[54.027316] Finished!
[04.958053] Started!
[05.966516] Finished!
[20.580207] Started!
[21.588642] Finished!
[42.513801] Started!
[43.523709] Finished!
[12.547300] Started!
[13.556484] Finished!
[24.022476] Started!
[25.032342] Finished!
[38.379203] Started!
[39.388454] Finished!
[57.665900] Started!
[58.674339] Finished!
[23.707528] Started!
[24.714755] Finished!
[34.832806] Started!
[35.842028] Finished!
[48.810944] Started!
[49.818422] Finished!
[06.905216] Started!
[07.913934] Finished!
[30.063872] Started!
[31.072684] Finished!
[59.361075] Started!
[05.484434] Finished!
[48.194964] Started!
[54.321952] Finished!
[14.174313] Started!
[20.298544] Finished!
[37.010382] Started!
[43.146090] Finished!
[36.005951] Started!
[42.137131] Finished!
[25.867445] Started!
[32.137014] Finished!
[25.063507] Started!
[31.309491] Finished!
[03.892084] Started!
[10.187322] Finished!
[55.480688] Started!
[01.750965] Finished!
[16.352030] Started!
[22.598676] Finished!
[15.370829] Started!
[21.594979] Finished!
[54.264145] Started!
[00.529713] Finished!
[09.107713] Started!
[39.374753] Finished!
[32.141962] Started!
[02.380284] Finished!
[06.815515] Started!
[37.031959] Finished!
[36.830833] Started!
[07.155632] Finished!
[55.749087] Started!
[25.987917] Finished!
[37.234837] Started!
[07.485858] Finished!
[30.385317] Started!
[00.664372] Finished!
[15.601775] Started!
[45.845245] Finished!
[06.121069] Started!
[17.605596] Finished!
[10.323939] Started!
[21.786561] Finished!
[55.982946] Started!
[07.459323] Finished!
[52.644053] Started!
[04.103016] Finished!
[19.725716] Started!
[31.201512] Finished!
[31.598563] Started!
[43.106959] Finished!
[42.387356] Started!
[37.865343] Finished!
[46.106377] Started!
[41.615746] Finished!
[17.482400] Started!
[12.944221] Finished!
[49.049964] Started!
[44.514252] Finished!
[20.720087] Started!
[16.186805] Finished!
[52.309746] Started!
[47.811977] Finished!
[47.269937] Started!
[42.764860] Finished!
[18.716966] Started!
[14.204643] Finished!
[50.740951] Started!
[46.228061] Finished!
[22.576797] Started!
[18.046977] Finished!
[54.291140] Started!
[49.782733] Finished!
[24.195595] Started!
[19.670143] Finished!
[53.833265] Started!
[49.316442] Finished!
[23.510922] Started!
[18.985667] Finished!
[53.568583] Started!
[49.057777] Finished!
[23.177120] Started!
[18.674316] Finished!
[52.860817] Started!
[48.325120] Finished!
[22.157101] Started!
[17.634489] Finished!
[51.486872] Started!
[46.957805] Finished!
[21.442586] Started!
[16.928637] Finished!
[50.906396] Started!
[46.395134] Finished!
[24.647965] Started!
[20.132063] Finished!
[58.158639] Started!
[53.662867] Finished!
[31.782955] Started!
[27.283583] Finished!
[05.321326] Started!
[00.811720] Finished!
[38.954229] Started!
[34.426180] Finished!
[10.442702] Started!
[05.928522] Finished!
[42.084580] Started!
[37.565502] Finished!
[13.256563] Started!
[08.742730] Finished!
[44.316601] Started!
[39.778982] Finished!
[15.626829] Started!
[11.109317] Finished!
[44.481856] Started!
[39.963134] Finished!
[13.960441] Started!
[09.429163] Finished!
[43.240530] Started!
[38.709419] Finished!
[12.548330] Started!
[08.032282] Finished!
[42.520478] Started!
[38.016550] Finished!
[47.907273] Started!
[43.368247] Finished!
[02.411592] Started!
[08.392701] Finished!
[44.723586] Started!
[50.715391] Finished!
[07.330968] Started!
[13.309925] Finished!
[10.688949] Started!
[16.561083] Finished!
[55.411132] Started!
[01.177128] Finished!
[24.946328] Started!
[30.727768] Finished!
[55.962413] Started!
[01.741608] Finished!
[25.932476] Started!
[31.698427] Finished!
[33.119968] Started!
[38.879244] Finished!
[55.422494] Started!
[01.411569] Finished!
[35.130286] Started!
[41.112176] Finished!
[16.927483] Started!
[22.921198] Finished!
[56.706858] Started!
[02.699399] Finished!
[14.384071] Started!
[20.359462] Finished!
[53.967579] Started!
[59.937584] Finished!
[19.069777] Started!
[25.067341] Finished!
[59.329766] Started!
[05.317107] Finished!
[58.853741] Started!
[04.866916] Finished!
[30.106361] Started!
[36.096622] Finished!
[28.148269] Started!
[34.135828] Finished!
[08.572741] Started!
[14.548741] Finished!
[32.648969] Started!
[38.636937] Finished!
[53.606023] Started!
[59.610177] Finished!
[33.687763] Started!
[39.685206] Finished!
[50.542049] Started!
[56.534415] Finished!
[29.948059] Started!
[35.933378] Finished!
[59.324104] Started!
[54.806646] Finished!
[30.776134] Started!
[26.250058] Finished!
[18.627623] Started!
[14.098984] Finished!
[48.480686] Started!
[43.948494] Finished!
[16.371315] Started!
[11.872344] Finished!
[46.126550] Started!
[41.634972] Finished!
[20.671186] Started!
[16.164608] Finished!
[53.821701] Started!
[49.312773] Finished!
[20.169219] Started!
[26.175399] Finished!
[00.320939] Started!
[06.336120] Finished!
[40.677458] Started!
[46.673448] Finished!
[24.559510] Started!
[30.555949] Finished!
[06.003006] Started!
[12.000021] Finished!
[45.971237] Started!
[51.963035] Finished!
[21.967563] Started!
[17.465176] Finished!
[53.728748] Started!
[49.207417] Finished!
[36.362802] Started!
[31.855181] Finished!
[35.226755] Started!
[41.223503] Finished!
[17.597437] Started!
[23.587890] Finished!
[57.645604] Started!
[03.642028] Finished!
[37.628460] Started!
[43.619588] Finished!
[17.511219] Started!
[23.501826] Finished!
[57.559269] Started!
[03.559825] Finished!
[41.618543] Started!
[47.641913] Finished!
[25.809330] Started!
[31.840061] Finished!
[07.323504] Started!
[13.313533] Finished!
[49.288737] Started!
[55.281417] Finished!
[29.620571] Started!
[35.617534] Finished!
[09.064420] Started!
[15.048884] Finished!
[01.347480] Started!
[07.361784] Finished!
[43.114054] Started!
[49.110648] Finished!
[22.607085] Started!
[28.598519] Finished!
[02.113709] Started!
[08.100652] Finished!
[41.675541] Started!
[47.667927] Finished!
[21.327269] Started!
[27.315125] Finished!
[05.475903] Started!
[11.456529] Finished!
[03.171319] Started!
[03.712402] Finished!
[40.609056] Started!
[41.151277] Finished!
[56.631673] Started!
[57.181480] Finished!
[49.980506] Started!
[50.527747] Finished!
[21.180191] Started!
[25.000546] Finished!
[01.406274] Started!
[05.199738] Finished!
[58.014194] Started!
[01.816801] Finished!
[54.393600] Started!
[58.201958] Finished!
[32.051944] Started!
[35.848878] Finished!
[09.435890] Started!
[13.227283] Finished!
[58.357103] Started!
[02.133854] Finished!
[47.352837] Started!
[51.118933] Finished!
[25.091426] Started!
[28.879475] Finished!
[02.736851] Started!
[06.546182] Finished!
[51.181405] Started!
[54.963512] Finished!
[01.099108] Started!
[04.898571] Finished!
[40.714038] Started!
[44.518662] Finished!
[37.252380] Started!
[41.050039] Finished!
[35.779661] Started!
[39.571844] Finished!
[13.777608] Started!
[17.575031] Finished!
[51.241011] Started!
[55.035848] Finished!
[40.200920] Started!
[43.993602] Finished!
[29.268164] Started!
[33.054327] Finished!
[06.451676] Started!
[10.222931] Finished!
[43.875307] Started!
[47.664634] Finished!
[32.257854] Started!
[36.067385] Finished!
[20.587021] Started!
[24.359590] Finished!
[02.347305] Started!
[06.161408] Finished!
[44.353530] Started!
[48.160036] Finished!
[43.086112] Started!
[46.886708] Finished!
[41.994676] Started!
[45.788151] Finished!
[21.412354] Started!
[25.208017] Finished!
[01.272159] Started!
[05.070415] Finished!
[52.616048] Started!
[56.408327] Finished!
[44.222764] Started!
[48.014503] Finished!
[21.730184] Started!
[25.511506] Finished!
[59.835122] Started!
[03.637913] Finished!
[49.299891] Started!
[53.083466] Finished!
[38.966130] Started!
[42.763385] Finished!
[01.447289] Started!
[07.419619] Finished!
[00.057950] Started!
[06.032541] Finished!
[51.008904] Started!
[56.997811] Finished!
[42.111155] Started!
[48.074808] Finished!
[32.772405] Started!
[38.762658] Finished!
[23.394292] Started!
[29.372378] Finished!
[24.318970] Started!
[30.307445] Finished!
[25.284696] Started!
[31.283845] Finished!
[18.858281] Started!
[24.838175] Finished!
[12.170766] Started!
[18.171483] Finished!
[03.899833] Started!
[09.882713] Finished!
[55.634743] Started!
[01.618615] Finished!
[29.740494] Started!
[25.228560] Finished!
[01.789128] Started!
[57.282791] Finished!
[33.481624] Started!
[28.989379] Finished!
[05.124490] Started!
[00.619264] Finished!
[36.580771] Started!
[32.093194] Finished!
[05.862455] Started!
[01.345949] Finished!
[35.354537] Started!
[30.850501] Finished!
[04.929543] Started!
[00.432307] Finished!
[34.394677] Started!
[29.883054] Finished!
[04.165149] Started!
[59.652012] Finished!
[33.373413] Started!
[28.862731] Finished!
[02.283087] Started!
[57.773768] Finished!
[32.075422] Started!
[27.553691] Finished!
[01.016336] Started!
[56.519306] Finished!
[30.687550] Started!
[26.167309] Finished!
[25.025441] Started!
[25.025466] Finished!
[15.605660] Started!
[15.605686] Finished!
[22.805889] Started!
[23.834704] Finished!
[51.299655] Started!
[02.855031] Finished!
[40.247687] Started!
[02.771794] Finished!
[34.330687] Started!
[56.874420] Finished!
[57.842582] Started!
[20.393011] Finished!
[06.091916] Started!
[28.801282] Finished!
[56.023220] Started!
[18.555114] Finished!
[41.192261] Started!
[24.116442] Finished!
[42.987512] Started!
[26.018175] Finished!
[42.854098] Started!
[25.740812] Finished!
[03.461243] Started!
[03.461268] Finished!
[56.058717] Started!
[28.794090] Finished!
[01.673145] Started!
[34.420171] Finished!
[33.596151] Started!
[54.418316] Finished!
[02.150923] Started!
[22.916669] Finished!
[30.684684] Started!
[51.431599] Finished!
[59.199850] Started!
[19.931599] Finished!
[27.624848] Started!
[48.373252] Finished!
[56.005030] Started!
[16.769442] Finished!
[24.516987] Started!
[45.250053] Finished!
[52.891370] Started!
[13.647184] Finished!
[21.307550] Started!
[42.031215] Finished!
[49.759071] Started!
[10.495442] Finished!
[18.202395] Started!
[38.941556] Finished!
[46.653758] Started!
[07.409341] Finished!
[15.017861] Started!
[35.732951] Finished!
[43.331461] Started!
[04.082865] Finished!
[47.298977] Started!
[07.790375] Finished!
[03.030316] Started!
[24.181415] Finished!
[31.781293] Started!
[52.919261] Finished!
[00.440455] Started!
[21.683563] Finished!
[34.263629] Started!
[51.468688] Finished!
[59.110326] Started!
[16.282153] Finished!
[23.890882] Started!
[41.142424] Finished!
[48.865006] Started!
[06.142273] Finished!
[17.798694] Started!
[50.974319] Finished!
[58.776742] Started!
[31.926448] Finished!
[39.602889] Started!
[12.834646] Finished!
[20.587149] Started!
[53.787737] Finished!
[01.446792] Started!
[34.664077] Finished!
[49.731095] Started!
[01.537825] Finished!
[57.231783] Started!
[14.507991] Finished!
[50.445314] Started!
[07.715827] Finished!
[53.904910] Started!
[27.194471] Finished!
[03.658926] Started!
[36.970537] Finished!
[10.755525] Started!
[44.151040] Finished!
[18.098558] Started!
[51.538943] Finished!
[15.501872] Started!
[32.866074] Finished!
[48.542643] Started!
[00.368700] Finished!
[36.425168] Started!
[48.233238] Finished!
[22.124981] Started!
[33.990602] Finished!
[47.450436] Started!
[04.718060] Finished!
[41.235681] Started!
[58.505397] Finished!
[32.827978] Started!
[50.267780] Finished!
[24.400300] Started!
[41.829068] Finished!
[15.829809] Started!
[33.270071] Finished!
[07.412744] Started!
[24.881078] Finished!
[02.989249] Started!
[20.120790] Finished!
[58.410865] Started!
[15.543516] Finished!
[50.948234] Started!
[08.206661] Finished!
[44.309152] Started!
[01.590566] Finished!
[35.392408] Started!
[52.758012] Finished!
[26.761057] Started!
[44.189643] Finished!
[13.262048] Started!
[30.392075] Finished!
[25.977582] Started!
[43.337500] Finished!
[39.759405] Started!
[56.904654] Finished!
[55.339963] Started!
[12.472051] Finished!
[05.308728] Started!
[22.436624] Finished!
[08.002970] Started!
[25.317414] Finished!
[10.877252] Started!
[28.204837] Finished!
[12.852032] Started!
[30.187017] Finished!
[14.852246] Started!
[32.263184] Finished!
[27.209783] Started!
[44.351455] Finished!
[39.377781] Started!
[56.519458] Finished!
[44.323799] Started!
[01.446966] Finished!
[49.250773] Started!
[06.381610] Finished!
[52.462251] Started!
[09.587486] Finished!
[55.647774] Started!
[12.770139] Finished!
[12.422978] Started!
[45.570958] Finished!
[54.845864] Started!
[27.988262] Finished!
[37.247821] Started!
[10.432984] Finished!
[19.534832] Started!
[52.734468] Finished!
[01.795545] Started!
[34.942069] Finished!
[02.253822] Started!
[19.581456] Finished!
[04.914750] Started!
[22.270921] Finished!
[16.965056] Started!
[50.140938] Finished!
[59.348175] Started!
[32.552688] Finished!
[41.833198] Started!
[15.026460] Finished!
[24.403491] Started!
[57.571610] Finished!
[23.782093] Started!
[56.978106] Finished!
[06.241463] Started!
[39.408673] Finished!
[48.509077] Started!
[21.686996] Finished!
[30.754376] Started!
[03.943588] Finished!
[13.252648] Started!
[46.388325] Finished!
[34.306314] Started!
[07.503995] Finished!
[15.267096] Started!
[48.408770] Finished!
[56.034052] Started!
[29.208922] Finished!
[36.932415] Started!
[10.097716] Finished!
[17.800096] Started!
[50.996220] Finished!
